<?xml version="1.0" encoding="UTF-8"?>
<testsuites>
  <testsuite id="0" name="/Users/shaoyuyun/Documents/GitHub/tri/packages/t-event/__tests__/Emitter.test.ts" errors="0" package="/Users/shaoyuyun/Documents/GitHub/tri/packages/t-event/__tests__/Emitter.test.ts" hostname="localhost" tests="6" failures="0" time="0.107" timestamp="2019-05-27T11:31:57">
    <properties>
    </properties>
    <testcase classname="on()" name="should be a function" time="0">
    </testcase>
    <testcase classname="off()" name="should be a function" time="0">
    </testcase>
    <testcase classname="emit()" name="should be a function" time="0">
    </testcase>
    <testcase classname="emit()" name="should invoke handler for type" time="0">
    </testcase>
    <testcase classname="emit()" name="should NOT ignore case" time="0">
    </testcase>
    <testcase classname="emit()" name="should do nothing if no event added" time="0">
    </testcase>
    <system-out/>
    <system-err/>
  </testsuite>
</testsuites>